2018-09-09 09:27:01,531 [Worker-6] INFO  c.g.t.t.d.PublishedGradleVersions - Gradle version information cache is out-of-date. Trying to update.
2018-09-09 10:38:14,147 [Worker-389] INFO  o.e.m.c.i.l.LifecycleMappingFactory - Using org.eclipse.m2e.jdt.JarLifecycleMapping lifecycle mapping for MavenProject: com.unisys:spring.training:0.0.1-SNAPSHOT @ /Users/vinodkumar/Documents/classroom_demos/2018_09_UNISYS_HIBERNATE_SPRING/ECLIPSE_WORKSPACE/spring.training/pom.xml.
2018-09-09 10:38:15,089 [Worker-389] INFO  o.e.m.j.i.AbstractJavaProjectConfigurator - Adding source folder /spring.training/src/main/java
2018-09-09 10:38:15,091 [Worker-389] INFO  o.e.m.j.i.AbstractJavaProjectConfigurator - Adding resource folder /spring.training/src/main/resources
2018-09-09 10:38:15,092 [Worker-389] INFO  o.e.m.j.i.AbstractJavaProjectConfigurator - Adding source folder /spring.training/src/test/java
2018-09-09 10:38:15,093 [Worker-389] INFO  o.e.m.j.i.AbstractJavaProjectConfigurator - Adding resource folder /spring.training/src/test/resources
2018-09-09 10:38:17,894 [Worker-392] WARN  o.e.m.c.i.embedder.EclipseLogger - Using platform encoding (UTF-8 actually) to copy filtered resources, i.e. build is platform dependent!
2018-09-09 10:38:17,914 [Worker-392] INFO  o.e.m.c.i.embedder.EclipseLogger - Copying 0 resource
2018-09-09 10:38:17,916 [Worker-392] WARN  o.e.m.c.i.embedder.EclipseLogger - Using platform encoding (UTF-8 actually) to copy filtered resources, i.e. build is platform dependent!
2018-09-09 10:38:17,917 [Worker-392] INFO  o.e.m.c.i.embedder.EclipseLogger - Copying 0 resource
2018-09-09 10:41:02,710 [Worker-392] WARN  o.e.m.c.i.embedder.EclipseLogger - Using platform encoding (UTF-8 actually) to copy filtered resources, i.e. build is platform dependent!
2018-09-09 10:41:02,719 [Worker-392] INFO  o.e.m.c.i.embedder.EclipseLogger - Copying 0 resource
2018-09-09 10:41:02,721 [Worker-392] WARN  o.e.m.c.i.embedder.EclipseLogger - Using platform encoding (UTF-8 actually) to copy filtered resources, i.e. build is platform dependent!
2018-09-09 10:41:02,723 [Worker-392] INFO  o.e.m.c.i.embedder.EclipseLogger - Copying 0 resource
2018-09-09 10:44:21,011 [Worker-389] INFO  o.e.m.c.i.l.LifecycleMappingFactory - Using org.eclipse.m2e.jdt.JarLifecycleMapping lifecycle mapping for MavenProject: com.unisys:spring.training:0.0.1-SNAPSHOT @ /Users/vinodkumar/Documents/classroom_demos/2018_09_UNISYS_HIBERNATE_SPRING/ECLIPSE_WORKSPACE/spring.training/pom.xml.
2018-09-09 10:44:21,252 [Worker-389] WARN  o.e.m.c.i.embedder.EclipseLogger - Using platform encoding (UTF-8 actually) to copy filtered resources, i.e. build is platform dependent!
2018-09-09 10:44:21,254 [Worker-389] INFO  o.e.m.c.i.embedder.EclipseLogger - Copying 0 resource
2018-09-09 10:44:21,256 [Worker-389] WARN  o.e.m.c.i.embedder.EclipseLogger - Using platform encoding (UTF-8 actually) to copy filtered resources, i.e. build is platform dependent!
2018-09-09 10:44:21,257 [Worker-389] INFO  o.e.m.c.i.embedder.EclipseLogger - Copying 0 resource
2018-09-09 10:44:22,617 [Worker-396] WARN  o.e.m.c.i.embedder.EclipseLogger - Using platform encoding (UTF-8 actually) to copy filtered resources, i.e. build is platform dependent!
2018-09-09 10:44:22,619 [Worker-396] INFO  o.e.m.c.i.embedder.EclipseLogger - Copying 0 resource
2018-09-09 10:44:22,621 [Worker-396] WARN  o.e.m.c.i.embedder.EclipseLogger - Using platform encoding (UTF-8 actually) to copy filtered resources, i.e. build is platform dependent!
2018-09-09 10:44:22,622 [Worker-396] INFO  o.e.m.c.i.embedder.EclipseLogger - Copying 0 resource
2018-09-09 10:52:02,812 [Worker-395] INFO  o.e.m.c.i.l.LifecycleMappingFactory - Using org.eclipse.m2e.jdt.JarLifecycleMapping lifecycle mapping for MavenProject: com.unisys:spring.training:0.0.1-SNAPSHOT @ /Users/vinodkumar/Documents/classroom_demos/2018_09_UNISYS_HIBERNATE_SPRING/ECLIPSE_WORKSPACE/spring.training/pom.xml.
2018-09-09 10:52:06,079 [Worker-395] INFO  o.e.m.c.i.e.AbstractTransferListenerAdapter - Downloading https://repo.maven.apache.org/maven2/org/springframework/spring-webmvc/4.3.18.RELEASE/spring-webmvc-4.3.18.RELEASE.pom
2018-09-09 10:52:07,520 [Worker-395] INFO  o.e.m.c.i.e.AbstractTransferListenerAdapter - Downloaded https://repo.maven.apache.org/maven2/org/springframework/spring-webmvc/4.3.18.RELEASE/spring-webmvc-4.3.18.RELEASE.pom
2018-09-09 10:52:07,817 [Worker-395] INFO  o.e.m.c.i.e.AbstractTransferListenerAdapter - Downloading https://repo.maven.apache.org/maven2/org/springframework/spring-web/4.3.18.RELEASE/spring-web-4.3.18.RELEASE.pom
2018-09-09 10:52:08,175 [Worker-395] INFO  o.e.m.c.i.e.AbstractTransferListenerAdapter - Downloaded https://repo.maven.apache.org/maven2/org/springframework/spring-web/4.3.18.RELEASE/spring-web-4.3.18.RELEASE.pom
2018-09-09 10:52:08,478 [Worker-395] INFO  o.e.m.c.i.e.AbstractTransferListenerAdapter - Downloading https://repo.maven.apache.org/maven2/org/springframework/spring-webmvc/4.3.18.RELEASE/spring-webmvc-4.3.18.RELEASE.jar
2018-09-09 10:52:10,657 [Worker-395] INFO  o.e.m.c.i.e.AbstractTransferListenerAdapter - Downloaded https://repo.maven.apache.org/maven2/org/springframework/spring-webmvc/4.3.18.RELEASE/spring-webmvc-4.3.18.RELEASE.jar
2018-09-09 10:52:10,951 [Worker-395] INFO  o.e.m.c.i.e.AbstractTransferListenerAdapter - Downloading https://repo.maven.apache.org/maven2/org/springframework/spring-web/4.3.18.RELEASE/spring-web-4.3.18.RELEASE.jar
2018-09-09 10:52:11,977 [Worker-395] INFO  o.e.m.c.i.e.AbstractTransferListenerAdapter - Downloaded https://repo.maven.apache.org/maven2/org/springframework/spring-web/4.3.18.RELEASE/spring-web-4.3.18.RELEASE.jar
2018-09-09 10:52:12,445 [Worker-395] WARN  o.e.m.c.i.embedder.EclipseLogger - Using platform encoding (UTF-8 actually) to copy filtered resources, i.e. build is platform dependent!
2018-09-09 10:52:12,449 [Worker-395] INFO  o.e.m.c.i.embedder.EclipseLogger - Copying 0 resource
2018-09-09 10:52:12,453 [Worker-395] WARN  o.e.m.c.i.embedder.EclipseLogger - Using platform encoding (UTF-8 actually) to copy filtered resources, i.e. build is platform dependent!
2018-09-09 10:52:12,454 [Worker-395] INFO  o.e.m.c.i.embedder.EclipseLogger - Copying 0 resource
2018-09-09 10:52:14,072 [Worker-395] WARN  o.e.m.c.i.embedder.EclipseLogger - Using platform encoding (UTF-8 actually) to copy filtered resources, i.e. build is platform dependent!
2018-09-09 10:52:14,073 [Worker-395] INFO  o.e.m.c.i.embedder.EclipseLogger - Copying 0 resource
2018-09-09 10:52:14,075 [Worker-395] WARN  o.e.m.c.i.embedder.EclipseLogger - Using platform encoding (UTF-8 actually) to copy filtered resources, i.e. build is platform dependent!
2018-09-09 10:52:14,077 [Worker-395] INFO  o.e.m.c.i.embedder.EclipseLogger - Copying 0 resource
2018-09-09 10:52:25,466 [Worker-399] INFO  o.e.m.c.i.l.LifecycleMappingFactory - Using org.eclipse.m2e.jdt.JarLifecycleMapping lifecycle mapping for MavenProject: com.unisys:spring.training:0.0.1-SNAPSHOT @ /Users/vinodkumar/Documents/classroom_demos/2018_09_UNISYS_HIBERNATE_SPRING/ECLIPSE_WORKSPACE/spring.training/pom.xml.
2018-09-09 10:52:25,734 [Worker-399] WARN  o.e.m.c.i.embedder.EclipseLogger - Using platform encoding (UTF-8 actually) to copy filtered resources, i.e. build is platform dependent!
2018-09-09 10:52:25,736 [Worker-399] INFO  o.e.m.c.i.embedder.EclipseLogger - Copying 0 resource
2018-09-09 10:52:25,739 [Worker-399] WARN  o.e.m.c.i.embedder.EclipseLogger - Using platform encoding (UTF-8 actually) to copy filtered resources, i.e. build is platform dependent!
2018-09-09 10:52:25,739 [Worker-399] INFO  o.e.m.c.i.embedder.EclipseLogger - Copying 0 resource
2018-09-09 10:52:27,331 [Worker-399] INFO  o.e.m.c.i.l.LifecycleMappingFactory - Using org.eclipse.m2e.jdt.JarLifecycleMapping lifecycle mapping for MavenProject: com.unisys:spring.training:0.0.1-SNAPSHOT @ /Users/vinodkumar/Documents/classroom_demos/2018_09_UNISYS_HIBERNATE_SPRING/ECLIPSE_WORKSPACE/spring.training/pom.xml.
2018-09-09 10:52:28,016 [Worker-399] WARN  o.e.m.c.i.embedder.EclipseLogger - Using platform encoding (UTF-8 actually) to copy filtered resources, i.e. build is platform dependent!
2018-09-09 10:52:28,019 [Worker-399] INFO  o.e.m.c.i.embedder.EclipseLogger - Copying 0 resource
2018-09-09 10:52:28,022 [Worker-399] WARN  o.e.m.c.i.embedder.EclipseLogger - Using platform encoding (UTF-8 actually) to copy filtered resources, i.e. build is platform dependent!
2018-09-09 10:52:28,023 [Worker-399] INFO  o.e.m.c.i.embedder.EclipseLogger - Copying 0 resource
2018-09-09 10:53:16,229 [Worker-395] INFO  o.e.m.c.i.l.LifecycleMappingFactory - Using org.eclipse.m2e.jdt.JarLifecycleMapping lifecycle mapping for MavenProject: com.unisys:spring.training:0.0.1-SNAPSHOT @ /Users/vinodkumar/Documents/classroom_demos/2018_09_UNISYS_HIBERNATE_SPRING/ECLIPSE_WORKSPACE/spring.training/pom.xml.
2018-09-09 10:53:17,779 [Worker-401] INFO  o.e.m.c.i.e.AbstractTransferListenerAdapter - Downloading https://repo.maven.apache.org/maven2/org/aspectj/aspectjrt/1.9.1/aspectjrt-1.9.1.pom
2018-09-09 10:53:17,911 [Worker-395] INFO  o.e.m.c.i.e.AbstractTransferListenerAdapter - Downloading https://repo.maven.apache.org/maven2/org/aspectj/aspectjrt/1.9.1/aspectjrt-1.9.1.pom
2018-09-09 10:53:18,266 [Worker-401] INFO  o.e.m.c.i.e.AbstractTransferListenerAdapter - Downloaded https://repo.maven.apache.org/maven2/org/aspectj/aspectjrt/1.9.1/aspectjrt-1.9.1.pom
2018-09-09 10:53:18,432 [Worker-395] INFO  o.e.m.c.i.e.AbstractTransferListenerAdapter - Downloaded https://repo.maven.apache.org/maven2/org/aspectj/aspectjrt/1.9.1/aspectjrt-1.9.1.pom
2018-09-09 10:53:18,499 [Worker-401] INFO  o.e.m.c.i.e.AbstractTransferListenerAdapter - Downloading https://repo.maven.apache.org/maven2/org/aspectj/aspectjweaver/1.9.1/aspectjweaver-1.9.1.pom
2018-09-09 10:53:18,788 [Worker-395] INFO  o.e.m.c.i.e.AbstractTransferListenerAdapter - Downloading https://repo.maven.apache.org/maven2/org/aspectj/aspectjweaver/1.9.1/aspectjweaver-1.9.1.pom
2018-09-09 10:53:18,803 [Worker-401] INFO  o.e.m.c.i.e.AbstractTransferListenerAdapter - Downloaded https://repo.maven.apache.org/maven2/org/aspectj/aspectjweaver/1.9.1/aspectjweaver-1.9.1.pom
2018-09-09 10:53:19,403 [Worker-401] INFO  o.e.m.c.i.e.AbstractTransferListenerAdapter - Downloading https://repo.maven.apache.org/maven2/org/aspectj/aspectjrt/1.9.1/aspectjrt-1.9.1.jar
2018-09-09 10:53:19,405 [Worker-395] INFO  o.e.m.c.i.e.AbstractTransferListenerAdapter - Downloaded https://repo.maven.apache.org/maven2/org/aspectj/aspectjweaver/1.9.1/aspectjweaver-1.9.1.pom
2018-09-09 10:53:19,656 [Worker-395] INFO  o.e.m.c.i.e.AbstractTransferListenerAdapter - Downloading https://repo.maven.apache.org/maven2/org/aspectj/aspectjrt/1.9.1/aspectjrt-1.9.1.jar
2018-09-09 10:53:20,401 [Worker-401] INFO  o.e.m.c.i.e.AbstractTransferListenerAdapter - Downloaded https://repo.maven.apache.org/maven2/org/aspectj/aspectjrt/1.9.1/aspectjrt-1.9.1.jar
2018-09-09 10:53:20,501 [Worker-395] INFO  o.e.m.c.i.e.AbstractTransferListenerAdapter - Downloaded https://repo.maven.apache.org/maven2/org/aspectj/aspectjrt/1.9.1/aspectjrt-1.9.1.jar
2018-09-09 10:53:20,665 [Worker-401] INFO  o.e.m.c.i.e.AbstractTransferListenerAdapter - Downloading https://repo.maven.apache.org/maven2/org/aspectj/aspectjweaver/1.9.1/aspectjweaver-1.9.1.jar
2018-09-09 10:53:20,798 [Worker-395] INFO  o.e.m.c.i.e.AbstractTransferListenerAdapter - Downloading https://repo.maven.apache.org/maven2/org/aspectj/aspectjweaver/1.9.1/aspectjweaver-1.9.1.jar
2018-09-09 10:53:25,401 [Worker-401] INFO  o.e.m.c.i.e.AbstractTransferListenerAdapter - Downloaded https://repo.maven.apache.org/maven2/org/aspectj/aspectjweaver/1.9.1/aspectjweaver-1.9.1.jar
2018-09-09 10:53:26,839 [Worker-395] INFO  o.e.m.c.i.e.AbstractTransferListenerAdapter - Downloaded https://repo.maven.apache.org/maven2/org/aspectj/aspectjweaver/1.9.1/aspectjweaver-1.9.1.jar
2018-09-09 10:53:27,078 [Worker-395] WARN  o.e.m.c.i.embedder.EclipseLogger - Using platform encoding (UTF-8 actually) to copy filtered resources, i.e. build is platform dependent!
2018-09-09 10:53:27,082 [Worker-395] INFO  o.e.m.c.i.embedder.EclipseLogger - Copying 0 resource
2018-09-09 10:53:27,084 [Worker-395] WARN  o.e.m.c.i.embedder.EclipseLogger - Using platform encoding (UTF-8 actually) to copy filtered resources, i.e. build is platform dependent!
2018-09-09 10:53:27,086 [Worker-395] INFO  o.e.m.c.i.embedder.EclipseLogger - Copying 0 resource
2018-09-09 10:53:28,499 [Worker-401] WARN  o.e.m.c.i.embedder.EclipseLogger - Using platform encoding (UTF-8 actually) to copy filtered resources, i.e. build is platform dependent!
2018-09-09 10:53:28,501 [Worker-401] INFO  o.e.m.c.i.embedder.EclipseLogger - Copying 0 resource
2018-09-09 10:53:28,503 [Worker-401] WARN  o.e.m.c.i.embedder.EclipseLogger - Using platform encoding (UTF-8 actually) to copy filtered resources, i.e. build is platform dependent!
2018-09-09 10:53:28,504 [Worker-401] INFO  o.e.m.c.i.embedder.EclipseLogger - Copying 0 resource
2018-09-09 10:54:11,238 [Worker-403] INFO  o.e.m.c.i.l.LifecycleMappingFactory - Using org.eclipse.m2e.jdt.JarLifecycleMapping lifecycle mapping for MavenProject: com.unisys:spring.training:0.0.1-SNAPSHOT @ /Users/vinodkumar/Documents/classroom_demos/2018_09_UNISYS_HIBERNATE_SPRING/ECLIPSE_WORKSPACE/spring.training/pom.xml.
2018-09-09 10:54:11,480 [Worker-403] WARN  o.e.m.c.i.embedder.EclipseLogger - Using platform encoding (UTF-8 actually) to copy filtered resources, i.e. build is platform dependent!
2018-09-09 10:54:11,483 [Worker-403] INFO  o.e.m.c.i.embedder.EclipseLogger - Copying 0 resource
2018-09-09 10:54:11,485 [Worker-403] WARN  o.e.m.c.i.embedder.EclipseLogger - Using platform encoding (UTF-8 actually) to copy filtered resources, i.e. build is platform dependent!
2018-09-09 10:54:11,486 [Worker-403] INFO  o.e.m.c.i.embedder.EclipseLogger - Copying 0 resource
2018-09-09 10:54:12,843 [Worker-399] WARN  o.e.m.c.i.embedder.EclipseLogger - Using platform encoding (UTF-8 actually) to copy filtered resources, i.e. build is platform dependent!
2018-09-09 10:54:12,845 [Worker-399] INFO  o.e.m.c.i.embedder.EclipseLogger - Copying 0 resource
2018-09-09 10:54:12,846 [Worker-399] WARN  o.e.m.c.i.embedder.EclipseLogger - Using platform encoding (UTF-8 actually) to copy filtered resources, i.e. build is platform dependent!
2018-09-09 10:54:12,847 [Worker-399] INFO  o.e.m.c.i.embedder.EclipseLogger - Copying 0 resource
2018-09-09 10:57:30,869 [Worker-395] INFO  o.e.m.c.i.l.LifecycleMappingFactory - Using org.eclipse.m2e.jdt.JarLifecycleMapping lifecycle mapping for MavenProject: com.unisys:spring.training:0.0.1-SNAPSHOT @ /Users/vinodkumar/Documents/classroom_demos/2018_09_UNISYS_HIBERNATE_SPRING/ECLIPSE_WORKSPACE/spring.training/pom.xml.
2018-09-09 10:57:31,050 [Worker-395] WARN  o.e.m.c.i.embedder.EclipseLogger - Using platform encoding (UTF-8 actually) to copy filtered resources, i.e. build is platform dependent!
2018-09-09 10:57:31,053 [Worker-395] INFO  o.e.m.c.i.embedder.EclipseLogger - Copying 0 resource
2018-09-09 10:57:31,054 [Worker-395] WARN  o.e.m.c.i.embedder.EclipseLogger - Using platform encoding (UTF-8 actually) to copy filtered resources, i.e. build is platform dependent!
2018-09-09 10:57:31,055 [Worker-395] INFO  o.e.m.c.i.embedder.EclipseLogger - Copying 0 resource
2018-09-09 10:57:32,371 [Worker-406] WARN  o.e.m.c.i.embedder.EclipseLogger - Using platform encoding (UTF-8 actually) to copy filtered resources, i.e. build is platform dependent!
2018-09-09 10:57:32,372 [Worker-406] INFO  o.e.m.c.i.embedder.EclipseLogger - Copying 0 resource
2018-09-09 10:57:32,374 [Worker-406] WARN  o.e.m.c.i.embedder.EclipseLogger - Using platform encoding (UTF-8 actually) to copy filtered resources, i.e. build is platform dependent!
2018-09-09 10:57:32,376 [Worker-406] INFO  o.e.m.c.i.embedder.EclipseLogger - Copying 0 resource
2018-09-09 11:05:15,400 [Worker-409] WARN  o.e.m.c.i.embedder.EclipseLogger - Using platform encoding (UTF-8 actually) to copy filtered resources, i.e. build is platform dependent!
2018-09-09 11:05:15,409 [Worker-409] INFO  o.e.m.c.i.embedder.EclipseLogger - Copying 0 resource
2018-09-09 11:05:15,410 [Worker-409] WARN  o.e.m.c.i.embedder.EclipseLogger - Using platform encoding (UTF-8 actually) to copy filtered resources, i.e. build is platform dependent!
2018-09-09 11:05:15,411 [Worker-409] INFO  o.e.m.c.i.embedder.EclipseLogger - Copying 0 resource
2018-09-09 11:05:16,450 [Worker-407] WARN  o.e.m.c.i.embedder.EclipseLogger - Using platform encoding (UTF-8 actually) to copy filtered resources, i.e. build is platform dependent!
2018-09-09 11:05:16,451 [Worker-407] INFO  o.e.m.c.i.embedder.EclipseLogger - Copying 0 resource
2018-09-09 11:05:16,453 [Worker-407] WARN  o.e.m.c.i.embedder.EclipseLogger - Using platform encoding (UTF-8 actually) to copy filtered resources, i.e. build is platform dependent!
2018-09-09 11:05:16,454 [Worker-407] INFO  o.e.m.c.i.embedder.EclipseLogger - Copying 0 resource
2018-09-09 11:05:34,198 [Worker-411] WARN  o.e.m.c.i.embedder.EclipseLogger - Using platform encoding (UTF-8 actually) to copy filtered resources, i.e. build is platform dependent!
2018-09-09 11:05:34,200 [Worker-411] INFO  o.e.m.c.i.embedder.EclipseLogger - Copying 0 resource
2018-09-09 11:05:34,201 [Worker-411] WARN  o.e.m.c.i.embedder.EclipseLogger - Using platform encoding (UTF-8 actually) to copy filtered resources, i.e. build is platform dependent!
2018-09-09 11:05:34,202 [Worker-411] INFO  o.e.m.c.i.embedder.EclipseLogger - Copying 0 resource
2018-09-09 11:06:36,637 [Worker-411] WARN  o.e.m.c.i.embedder.EclipseLogger - Using platform encoding (UTF-8 actually) to copy filtered resources, i.e. build is platform dependent!
2018-09-09 11:06:36,638 [Worker-411] INFO  o.e.m.c.i.embedder.EclipseLogger - Copying 0 resource
2018-09-09 11:06:36,639 [Worker-411] WARN  o.e.m.c.i.embedder.EclipseLogger - Using platform encoding (UTF-8 actually) to copy filtered resources, i.e. build is platform dependent!
2018-09-09 11:06:36,640 [Worker-411] INFO  o.e.m.c.i.embedder.EclipseLogger - Copying 0 resource
2018-09-09 11:07:41,420 [Worker-411] WARN  o.e.m.c.i.embedder.EclipseLogger - Using platform encoding (UTF-8 actually) to copy filtered resources, i.e. build is platform dependent!
2018-09-09 11:07:41,422 [Worker-411] INFO  o.e.m.c.i.embedder.EclipseLogger - Copying 0 resource
2018-09-09 11:07:41,424 [Worker-411] WARN  o.e.m.c.i.embedder.EclipseLogger - Using platform encoding (UTF-8 actually) to copy filtered resources, i.e. build is platform dependent!
2018-09-09 11:07:41,425 [Worker-411] INFO  o.e.m.c.i.embedder.EclipseLogger - Copying 0 resource
2018-09-09 11:13:50,114 [Worker-416] WARN  o.e.m.c.i.embedder.EclipseLogger - Using platform encoding (UTF-8 actually) to copy filtered resources, i.e. build is platform dependent!
2018-09-09 11:13:50,115 [Worker-416] INFO  o.e.m.c.i.embedder.EclipseLogger - Copying 0 resource
2018-09-09 11:13:50,119 [Worker-416] WARN  o.e.m.c.i.embedder.EclipseLogger - Using platform encoding (UTF-8 actually) to copy filtered resources, i.e. build is platform dependent!
2018-09-09 11:13:50,119 [Worker-416] INFO  o.e.m.c.i.embedder.EclipseLogger - Copying 0 resource
2018-09-09 11:14:03,570 [Worker-413] WARN  o.e.m.c.i.embedder.EclipseLogger - Using platform encoding (UTF-8 actually) to copy filtered resources, i.e. build is platform dependent!
2018-09-09 11:14:03,571 [Worker-413] INFO  o.e.m.c.i.embedder.EclipseLogger - Copying 0 resource
2018-09-09 11:14:03,572 [Worker-413] WARN  o.e.m.c.i.embedder.EclipseLogger - Using platform encoding (UTF-8 actually) to copy filtered resources, i.e. build is platform dependent!
2018-09-09 11:14:03,573 [Worker-413] INFO  o.e.m.c.i.embedder.EclipseLogger - Copying 0 resource
2018-09-09 11:17:01,845 [Worker-418] WARN  o.e.m.c.i.embedder.EclipseLogger - Using platform encoding (UTF-8 actually) to copy filtered resources, i.e. build is platform dependent!
2018-09-09 11:17:01,847 [Worker-418] INFO  o.e.m.c.i.embedder.EclipseLogger - Copying 0 resource
2018-09-09 11:17:01,848 [Worker-418] WARN  o.e.m.c.i.embedder.EclipseLogger - Using platform encoding (UTF-8 actually) to copy filtered resources, i.e. build is platform dependent!
2018-09-09 11:17:01,850 [Worker-418] INFO  o.e.m.c.i.embedder.EclipseLogger - Copying 0 resource
2018-09-09 11:17:08,619 [Worker-395] WARN  o.e.m.c.i.embedder.EclipseLogger - Using platform encoding (UTF-8 actually) to copy filtered resources, i.e. build is platform dependent!
2018-09-09 11:17:08,621 [Worker-395] INFO  o.e.m.c.i.embedder.EclipseLogger - Copying 0 resource
2018-09-09 11:17:08,622 [Worker-395] WARN  o.e.m.c.i.embedder.EclipseLogger - Using platform encoding (UTF-8 actually) to copy filtered resources, i.e. build is platform dependent!
2018-09-09 11:17:08,623 [Worker-395] INFO  o.e.m.c.i.embedder.EclipseLogger - Copying 0 resource
2018-09-09 11:17:51,879 [Worker-420] WARN  o.e.m.c.i.embedder.EclipseLogger - Using platform encoding (UTF-8 actually) to copy filtered resources, i.e. build is platform dependent!
2018-09-09 11:17:51,880 [Worker-420] INFO  o.e.m.c.i.embedder.EclipseLogger - Copying 0 resource
2018-09-09 11:17:51,881 [Worker-420] WARN  o.e.m.c.i.embedder.EclipseLogger - Using platform encoding (UTF-8 actually) to copy filtered resources, i.e. build is platform dependent!
2018-09-09 11:17:51,882 [Worker-420] INFO  o.e.m.c.i.embedder.EclipseLogger - Copying 0 resource
2018-09-09 11:17:57,716 [Worker-419] WARN  o.e.m.c.i.embedder.EclipseLogger - Using platform encoding (UTF-8 actually) to copy filtered resources, i.e. build is platform dependent!
2018-09-09 11:17:57,717 [Worker-419] INFO  o.e.m.c.i.embedder.EclipseLogger - Copying 0 resource
2018-09-09 11:17:57,718 [Worker-419] WARN  o.e.m.c.i.embedder.EclipseLogger - Using platform encoding (UTF-8 actually) to copy filtered resources, i.e. build is platform dependent!
2018-09-09 11:17:57,719 [Worker-419] INFO  o.e.m.c.i.embedder.EclipseLogger - Copying 0 resource
2018-09-09 11:20:47,502 [Worker-420] WARN  o.e.m.c.i.embedder.EclipseLogger - Using platform encoding (UTF-8 actually) to copy filtered resources, i.e. build is platform dependent!
2018-09-09 11:20:47,505 [Worker-420] INFO  o.e.m.c.i.embedder.EclipseLogger - Copying 1 resource
2018-09-09 11:20:47,515 [Worker-420] WARN  o.e.m.c.i.embedder.EclipseLogger - Using platform encoding (UTF-8 actually) to copy filtered resources, i.e. build is platform dependent!
2018-09-09 11:20:47,516 [Worker-420] INFO  o.e.m.c.i.embedder.EclipseLogger - Copying 0 resource
2018-09-09 11:20:56,137 [Worker-417] WARN  o.e.m.c.i.embedder.EclipseLogger - Using platform encoding (UTF-8 actually) to copy filtered resources, i.e. build is platform dependent!
2018-09-09 11:20:56,138 [Worker-417] INFO  o.e.m.c.i.embedder.EclipseLogger - Copying 1 resource
2018-09-09 11:20:56,140 [Worker-417] WARN  o.e.m.c.i.embedder.EclipseLogger - Using platform encoding (UTF-8 actually) to copy filtered resources, i.e. build is platform dependent!
2018-09-09 11:20:56,141 [Worker-417] INFO  o.e.m.c.i.embedder.EclipseLogger - Copying 0 resource
2018-09-09 11:21:55,681 [Worker-417] WARN  o.e.m.c.i.embedder.EclipseLogger - Using platform encoding (UTF-8 actually) to copy filtered resources, i.e. build is platform dependent!
2018-09-09 11:21:55,683 [Worker-417] INFO  o.e.m.c.i.embedder.EclipseLogger - Copying 1 resource
2018-09-09 11:21:55,688 [Worker-417] WARN  o.e.m.c.i.embedder.EclipseLogger - Using platform encoding (UTF-8 actually) to copy filtered resources, i.e. build is platform dependent!
2018-09-09 11:21:55,689 [Worker-417] INFO  o.e.m.c.i.embedder.EclipseLogger - Copying 0 resource
2018-09-09 11:24:25,011 [Worker-416] WARN  o.e.m.c.i.embedder.EclipseLogger - Using platform encoding (UTF-8 actually) to copy filtered resources, i.e. build is platform dependent!
2018-09-09 11:24:25,017 [Worker-416] INFO  o.e.m.c.i.embedder.EclipseLogger - Copying 1 resource
2018-09-09 11:24:25,019 [Worker-416] WARN  o.e.m.c.i.embedder.EclipseLogger - Using platform encoding (UTF-8 actually) to copy filtered resources, i.e. build is platform dependent!
2018-09-09 11:24:25,021 [Worker-416] INFO  o.e.m.c.i.embedder.EclipseLogger - Copying 0 resource
2018-09-09 11:24:28,781 [Worker-416] WARN  o.e.m.c.i.embedder.EclipseLogger - Using platform encoding (UTF-8 actually) to copy filtered resources, i.e. build is platform dependent!
2018-09-09 11:24:28,782 [Worker-416] INFO  o.e.m.c.i.embedder.EclipseLogger - Copying 1 resource
2018-09-09 11:24:28,783 [Worker-416] WARN  o.e.m.c.i.embedder.EclipseLogger - Using platform encoding (UTF-8 actually) to copy filtered resources, i.e. build is platform dependent!
2018-09-09 11:24:28,784 [Worker-416] INFO  o.e.m.c.i.embedder.EclipseLogger - Copying 0 resource
2018-09-09 11:26:49,534 [Worker-422] INFO  o.e.m.c.i.e.AbstractTransferListenerAdapter - Downloading https://repo.maven.apache.org/maven2/org/springframework/spring-context/4.3.18.RELEASE/spring-context-4.3.18.RELEASE-sources.jar
2018-09-09 11:26:54,593 [Worker-422] INFO  o.e.m.c.i.e.AbstractTransferListenerAdapter - Downloaded https://repo.maven.apache.org/maven2/org/springframework/spring-context/4.3.18.RELEASE/spring-context-4.3.18.RELEASE-sources.jar
2018-09-09 11:26:54,628 [Worker-422] INFO  o.e.m.j.internal.DownloadSourcesJob - Downloaded sources for org.springframework:spring-context:4.3.18.RELEASE
2018-09-09 11:26:54,829 [Worker-423] WARN  o.e.m.c.i.embedder.EclipseLogger - Using platform encoding (UTF-8 actually) to copy filtered resources, i.e. build is platform dependent!
2018-09-09 11:26:54,831 [Worker-423] INFO  o.e.m.c.i.embedder.EclipseLogger - Copying 0 resource
2018-09-09 11:26:54,832 [Worker-423] WARN  o.e.m.c.i.embedder.EclipseLogger - Using platform encoding (UTF-8 actually) to copy filtered resources, i.e. build is platform dependent!
2018-09-09 11:26:54,833 [Worker-423] INFO  o.e.m.c.i.embedder.EclipseLogger - Copying 0 resource
2018-09-09 11:31:14,377 [Worker-416] WARN  o.e.m.c.i.embedder.EclipseLogger - Using platform encoding (UTF-8 actually) to copy filtered resources, i.e. build is platform dependent!
2018-09-09 11:31:14,378 [Worker-416] INFO  o.e.m.c.i.embedder.EclipseLogger - Copying 1 resource
2018-09-09 11:31:14,380 [Worker-416] WARN  o.e.m.c.i.embedder.EclipseLogger - Using platform encoding (UTF-8 actually) to copy filtered resources, i.e. build is platform dependent!
2018-09-09 11:31:14,381 [Worker-416] INFO  o.e.m.c.i.embedder.EclipseLogger - Copying 0 resource
2018-09-09 11:31:31,678 [Worker-426] WARN  o.e.m.c.i.embedder.EclipseLogger - Using platform encoding (UTF-8 actually) to copy filtered resources, i.e. build is platform dependent!
2018-09-09 11:31:31,679 [Worker-426] INFO  o.e.m.c.i.embedder.EclipseLogger - Copying 1 resource
2018-09-09 11:31:31,681 [Worker-426] WARN  o.e.m.c.i.embedder.EclipseLogger - Using platform encoding (UTF-8 actually) to copy filtered resources, i.e. build is platform dependent!
2018-09-09 11:31:31,681 [Worker-426] INFO  o.e.m.c.i.embedder.EclipseLogger - Copying 0 resource
2018-09-09 11:32:40,851 [Worker-423] WARN  o.e.m.c.i.embedder.EclipseLogger - Using platform encoding (UTF-8 actually) to copy filtered resources, i.e. build is platform dependent!
2018-09-09 11:32:40,852 [Worker-423] INFO  o.e.m.c.i.embedder.EclipseLogger - Copying 1 resource
2018-09-09 11:32:40,854 [Worker-423] WARN  o.e.m.c.i.embedder.EclipseLogger - Using platform encoding (UTF-8 actually) to copy filtered resources, i.e. build is platform dependent!
2018-09-09 11:32:40,854 [Worker-423] INFO  o.e.m.c.i.embedder.EclipseLogger - Copying 0 resource
2018-09-09 11:32:42,470 [Worker-426] WARN  o.e.m.c.i.embedder.EclipseLogger - Using platform encoding (UTF-8 actually) to copy filtered resources, i.e. build is platform dependent!
2018-09-09 11:32:42,471 [Worker-426] INFO  o.e.m.c.i.embedder.EclipseLogger - Copying 1 resource
2018-09-09 11:32:42,472 [Worker-426] WARN  o.e.m.c.i.embedder.EclipseLogger - Using platform encoding (UTF-8 actually) to copy filtered resources, i.e. build is platform dependent!
2018-09-09 11:32:42,472 [Worker-426] INFO  o.e.m.c.i.embedder.EclipseLogger - Copying 0 resource
2018-09-09 11:33:24,975 [Worker-422] INFO  o.e.m.c.i.l.LifecycleMappingFactory - Using org.eclipse.m2e.jdt.JarLifecycleMapping lifecycle mapping for MavenProject: com.unisys:spring.training:0.0.1-SNAPSHOT @ /Users/vinodkumar/Documents/classroom_demos/2018_09_UNISYS_HIBERNATE_SPRING/ECLIPSE_WORKSPACE/spring.training/pom.xml.
2018-09-09 11:33:25,221 [Worker-422] WARN  o.e.m.c.i.embedder.EclipseLogger - Using platform encoding (UTF-8 actually) to copy filtered resources, i.e. build is platform dependent!
2018-09-09 11:33:25,224 [Worker-422] INFO  o.e.m.c.i.embedder.EclipseLogger - Copying 0 resource
2018-09-09 11:33:25,225 [Worker-422] WARN  o.e.m.c.i.embedder.EclipseLogger - Using platform encoding (UTF-8 actually) to copy filtered resources, i.e. build is platform dependent!
2018-09-09 11:33:25,226 [Worker-422] INFO  o.e.m.c.i.embedder.EclipseLogger - Copying 0 resource
2018-09-09 11:33:26,687 [Worker-422] WARN  o.e.m.c.i.embedder.EclipseLogger - Using platform encoding (UTF-8 actually) to copy filtered resources, i.e. build is platform dependent!
2018-09-09 11:33:26,688 [Worker-422] INFO  o.e.m.c.i.embedder.EclipseLogger - Copying 1 resource
2018-09-09 11:33:26,696 [Worker-422] WARN  o.e.m.c.i.embedder.EclipseLogger - Using platform encoding (UTF-8 actually) to copy filtered resources, i.e. build is platform dependent!
2018-09-09 11:33:26,697 [Worker-422] INFO  o.e.m.c.i.embedder.EclipseLogger - Copying 0 resource
2018-09-09 11:34:32,578 [Worker-423] WARN  o.e.m.c.i.embedder.EclipseLogger - Using platform encoding (UTF-8 actually) to copy filtered resources, i.e. build is platform dependent!
2018-09-09 11:34:32,579 [Worker-423] INFO  o.e.m.c.i.embedder.EclipseLogger - Copying 1 resource
2018-09-09 11:34:32,581 [Worker-423] WARN  o.e.m.c.i.embedder.EclipseLogger - Using platform encoding (UTF-8 actually) to copy filtered resources, i.e. build is platform dependent!
2018-09-09 11:34:32,583 [Worker-423] INFO  o.e.m.c.i.embedder.EclipseLogger - Copying 0 resource
2018-09-09 11:35:50,675 [Worker-427] WARN  o.e.m.c.i.embedder.EclipseLogger - Using platform encoding (UTF-8 actually) to copy filtered resources, i.e. build is platform dependent!
2018-09-09 11:35:50,677 [Worker-427] INFO  o.e.m.c.i.embedder.EclipseLogger - Copying 1 resource
2018-09-09 11:35:50,678 [Worker-427] WARN  o.e.m.c.i.embedder.EclipseLogger - Using platform encoding (UTF-8 actually) to copy filtered resources, i.e. build is platform dependent!
2018-09-09 11:35:50,678 [Worker-427] INFO  o.e.m.c.i.embedder.EclipseLogger - Copying 0 resource
2018-09-09 11:35:54,600 [Worker-428] WARN  o.e.m.c.i.embedder.EclipseLogger - Using platform encoding (UTF-8 actually) to copy filtered resources, i.e. build is platform dependent!
2018-09-09 11:35:54,601 [Worker-428] INFO  o.e.m.c.i.embedder.EclipseLogger - Copying 1 resource
2018-09-09 11:35:54,603 [Worker-428] WARN  o.e.m.c.i.embedder.EclipseLogger - Using platform encoding (UTF-8 actually) to copy filtered resources, i.e. build is platform dependent!
2018-09-09 11:35:54,603 [Worker-428] INFO  o.e.m.c.i.embedder.EclipseLogger - Copying 0 resource
2018-09-09 11:38:18,900 [Worker-423] WARN  o.e.m.c.i.embedder.EclipseLogger - Using platform encoding (UTF-8 actually) to copy filtered resources, i.e. build is platform dependent!
2018-09-09 11:38:18,902 [Worker-423] INFO  o.e.m.c.i.embedder.EclipseLogger - Copying 1 resource
2018-09-09 11:38:18,903 [Worker-423] WARN  o.e.m.c.i.embedder.EclipseLogger - Using platform encoding (UTF-8 actually) to copy filtered resources, i.e. build is platform dependent!
2018-09-09 11:38:18,904 [Worker-423] INFO  o.e.m.c.i.embedder.EclipseLogger - Copying 0 resource
2018-09-09 11:41:58,206 [Worker-432] INFO  o.e.m.c.i.l.LifecycleMappingFactory - Using org.eclipse.m2e.jdt.JarLifecycleMapping lifecycle mapping for MavenProject: com.unisys:spring.training:0.0.1-SNAPSHOT @ /Users/vinodkumar/Documents/classroom_demos/2018_09_UNISYS_HIBERNATE_SPRING/ECLIPSE_WORKSPACE/spring.training/pom.xml.
2018-09-09 11:41:58,589 [Worker-432] WARN  o.e.m.c.i.embedder.EclipseLogger - Using platform encoding (UTF-8 actually) to copy filtered resources, i.e. build is platform dependent!
2018-09-09 11:41:58,593 [Worker-432] INFO  o.e.m.c.i.embedder.EclipseLogger - Copying 0 resource
2018-09-09 11:41:58,596 [Worker-432] WARN  o.e.m.c.i.embedder.EclipseLogger - Using platform encoding (UTF-8 actually) to copy filtered resources, i.e. build is platform dependent!
2018-09-09 11:41:58,597 [Worker-432] INFO  o.e.m.c.i.embedder.EclipseLogger - Copying 0 resource
2018-09-09 11:42:00,053 [Worker-432] WARN  o.e.m.c.i.embedder.EclipseLogger - Using platform encoding (UTF-8 actually) to copy filtered resources, i.e. build is platform dependent!
2018-09-09 11:42:00,058 [Worker-432] INFO  o.e.m.c.i.embedder.EclipseLogger - Copying 1 resource
2018-09-09 11:42:00,070 [Worker-432] WARN  o.e.m.c.i.embedder.EclipseLogger - Using platform encoding (UTF-8 actually) to copy filtered resources, i.e. build is platform dependent!
2018-09-09 11:42:00,072 [Worker-432] INFO  o.e.m.c.i.embedder.EclipseLogger - Copying 0 resource
2018-09-09 11:42:12,335 [Worker-433] INFO  o.e.m.c.i.l.LifecycleMappingFactory - Using org.eclipse.m2e.jdt.JarLifecycleMapping lifecycle mapping for MavenProject: com.unisys:spring.training:0.0.1-SNAPSHOT @ /Users/vinodkumar/Documents/classroom_demos/2018_09_UNISYS_HIBERNATE_SPRING/ECLIPSE_WORKSPACE/spring.training/pom.xml.
2018-09-09 11:42:12,691 [Worker-433] WARN  o.e.m.c.i.embedder.EclipseLogger - Using platform encoding (UTF-8 actually) to copy filtered resources, i.e. build is platform dependent!
2018-09-09 11:42:12,694 [Worker-433] INFO  o.e.m.c.i.embedder.EclipseLogger - Copying 0 resource
2018-09-09 11:42:12,696 [Worker-433] WARN  o.e.m.c.i.embedder.EclipseLogger - Using platform encoding (UTF-8 actually) to copy filtered resources, i.e. build is platform dependent!
2018-09-09 11:42:12,697 [Worker-433] INFO  o.e.m.c.i.embedder.EclipseLogger - Copying 0 resource
2018-09-09 11:42:14,163 [Worker-432] WARN  o.e.m.c.i.embedder.EclipseLogger - Using platform encoding (UTF-8 actually) to copy filtered resources, i.e. build is platform dependent!
2018-09-09 11:42:14,164 [Worker-432] INFO  o.e.m.c.i.embedder.EclipseLogger - Copying 1 resource
2018-09-09 11:42:14,175 [Worker-432] WARN  o.e.m.c.i.embedder.EclipseLogger - Using platform encoding (UTF-8 actually) to copy filtered resources, i.e. build is platform dependent!
2018-09-09 11:42:14,176 [Worker-432] INFO  o.e.m.c.i.embedder.EclipseLogger - Copying 0 resource
2018-09-09 12:07:12,002 [Worker-431] WARN  o.e.m.c.i.embedder.EclipseLogger - Using platform encoding (UTF-8 actually) to copy filtered resources, i.e. build is platform dependent!
2018-09-09 12:07:12,006 [Worker-431] INFO  o.e.m.c.i.embedder.EclipseLogger - Copying 1 resource
2018-09-09 12:07:12,008 [Worker-431] WARN  o.e.m.c.i.embedder.EclipseLogger - Using platform encoding (UTF-8 actually) to copy filtered resources, i.e. build is platform dependent!
2018-09-09 12:07:12,009 [Worker-431] INFO  o.e.m.c.i.embedder.EclipseLogger - Copying 0 resource
2018-09-09 12:08:39,807 [Worker-437] WARN  o.e.m.c.i.embedder.EclipseLogger - Using platform encoding (UTF-8 actually) to copy filtered resources, i.e. build is platform dependent!
2018-09-09 12:08:39,808 [Worker-437] INFO  o.e.m.c.i.embedder.EclipseLogger - Copying 1 resource
2018-09-09 12:08:39,809 [Worker-437] WARN  o.e.m.c.i.embedder.EclipseLogger - Using platform encoding (UTF-8 actually) to copy filtered resources, i.e. build is platform dependent!
2018-09-09 12:08:39,810 [Worker-437] INFO  o.e.m.c.i.embedder.EclipseLogger - Copying 0 resource
2018-09-09 12:08:57,968 [Worker-438] WARN  o.e.m.c.i.embedder.EclipseLogger - Using platform encoding (UTF-8 actually) to copy filtered resources, i.e. build is platform dependent!
2018-09-09 12:08:57,970 [Worker-438] INFO  o.e.m.c.i.embedder.EclipseLogger - Copying 1 resource
2018-09-09 12:08:57,972 [Worker-438] WARN  o.e.m.c.i.embedder.EclipseLogger - Using platform encoding (UTF-8 actually) to copy filtered resources, i.e. build is platform dependent!
2018-09-09 12:08:57,972 [Worker-438] INFO  o.e.m.c.i.embedder.EclipseLogger - Copying 0 resource
2018-09-09 12:09:38,132 [Worker-437] WARN  o.e.m.c.i.embedder.EclipseLogger - Using platform encoding (UTF-8 actually) to copy filtered resources, i.e. build is platform dependent!
2018-09-09 12:09:38,133 [Worker-437] INFO  o.e.m.c.i.embedder.EclipseLogger - Copying 1 resource
2018-09-09 12:09:38,136 [Worker-437] WARN  o.e.m.c.i.embedder.EclipseLogger - Using platform encoding (UTF-8 actually) to copy filtered resources, i.e. build is platform dependent!
2018-09-09 12:09:38,136 [Worker-437] INFO  o.e.m.c.i.embedder.EclipseLogger - Copying 0 resource
2018-09-09 12:09:42,940 [Worker-440] WARN  o.e.m.c.i.embedder.EclipseLogger - Using platform encoding (UTF-8 actually) to copy filtered resources, i.e. build is platform dependent!
2018-09-09 12:09:42,941 [Worker-440] INFO  o.e.m.c.i.embedder.EclipseLogger - Copying 1 resource
2018-09-09 12:09:42,942 [Worker-440] WARN  o.e.m.c.i.embedder.EclipseLogger - Using platform encoding (UTF-8 actually) to copy filtered resources, i.e. build is platform dependent!
2018-09-09 12:09:42,943 [Worker-440] INFO  o.e.m.c.i.embedder.EclipseLogger - Copying 0 resource
2018-09-09 12:09:44,849 [Worker-439] WARN  o.e.m.c.i.embedder.EclipseLogger - Using platform encoding (UTF-8 actually) to copy filtered resources, i.e. build is platform dependent!
2018-09-09 12:09:44,850 [Worker-439] INFO  o.e.m.c.i.embedder.EclipseLogger - Copying 1 resource
2018-09-09 12:09:44,852 [Worker-439] WARN  o.e.m.c.i.embedder.EclipseLogger - Using platform encoding (UTF-8 actually) to copy filtered resources, i.e. build is platform dependent!
2018-09-09 12:09:44,852 [Worker-439] INFO  o.e.m.c.i.embedder.EclipseLogger - Copying 0 resource
2018-09-09 12:10:46,704 [Worker-416] WARN  o.e.m.c.i.embedder.EclipseLogger - Using platform encoding (UTF-8 actually) to copy filtered resources, i.e. build is platform dependent!
2018-09-09 12:10:46,705 [Worker-416] INFO  o.e.m.c.i.embedder.EclipseLogger - Copying 1 resource
2018-09-09 12:10:46,706 [Worker-416] WARN  o.e.m.c.i.embedder.EclipseLogger - Using platform encoding (UTF-8 actually) to copy filtered resources, i.e. build is platform dependent!
2018-09-09 12:10:46,707 [Worker-416] INFO  o.e.m.c.i.embedder.EclipseLogger - Copying 0 resource
2018-09-09 12:10:58,071 [Worker-437] WARN  o.e.m.c.i.embedder.EclipseLogger - Using platform encoding (UTF-8 actually) to copy filtered resources, i.e. build is platform dependent!
2018-09-09 12:10:58,072 [Worker-437] INFO  o.e.m.c.i.embedder.EclipseLogger - Copying 1 resource
2018-09-09 12:10:58,074 [Worker-437] WARN  o.e.m.c.i.embedder.EclipseLogger - Using platform encoding (UTF-8 actually) to copy filtered resources, i.e. build is platform dependent!
2018-09-09 12:10:58,075 [Worker-437] INFO  o.e.m.c.i.embedder.EclipseLogger - Copying 0 resource
2018-09-09 12:11:39,619 [Worker-439] WARN  o.e.m.c.i.embedder.EclipseLogger - Using platform encoding (UTF-8 actually) to copy filtered resources, i.e. build is platform dependent!
2018-09-09 12:11:39,621 [Worker-439] INFO  o.e.m.c.i.embedder.EclipseLogger - Copying 1 resource
2018-09-09 12:11:39,622 [Worker-439] WARN  o.e.m.c.i.embedder.EclipseLogger - Using platform encoding (UTF-8 actually) to copy filtered resources, i.e. build is platform dependent!
2018-09-09 12:11:39,623 [Worker-439] INFO  o.e.m.c.i.embedder.EclipseLogger - Copying 0 resource
2018-09-09 12:12:22,262 [Worker-416] WARN  o.e.m.c.i.embedder.EclipseLogger - Using platform encoding (UTF-8 actually) to copy filtered resources, i.e. build is platform dependent!
2018-09-09 12:12:22,263 [Worker-416] INFO  o.e.m.c.i.embedder.EclipseLogger - Copying 1 resource
2018-09-09 12:12:22,264 [Worker-416] WARN  o.e.m.c.i.embedder.EclipseLogger - Using platform encoding (UTF-8 actually) to copy filtered resources, i.e. build is platform dependent!
2018-09-09 12:12:22,265 [Worker-416] INFO  o.e.m.c.i.embedder.EclipseLogger - Copying 0 resource
2018-09-09 12:13:26,884 [Worker-441] WARN  o.e.m.c.i.embedder.EclipseLogger - Using platform encoding (UTF-8 actually) to copy filtered resources, i.e. build is platform dependent!
2018-09-09 12:13:26,885 [Worker-441] INFO  o.e.m.c.i.embedder.EclipseLogger - Copying 1 resource
2018-09-09 12:13:26,887 [Worker-441] WARN  o.e.m.c.i.embedder.EclipseLogger - Using platform encoding (UTF-8 actually) to copy filtered resources, i.e. build is platform dependent!
2018-09-09 12:13:26,888 [Worker-441] INFO  o.e.m.c.i.embedder.EclipseLogger - Copying 0 resource
2018-09-09 12:17:02,799 [Worker-437] WARN  o.e.m.c.i.embedder.EclipseLogger - Using platform encoding (UTF-8 actually) to copy filtered resources, i.e. build is platform dependent!
2018-09-09 12:17:02,800 [Worker-437] INFO  o.e.m.c.i.embedder.EclipseLogger - Copying 1 resource
2018-09-09 12:17:02,802 [Worker-437] WARN  o.e.m.c.i.embedder.EclipseLogger - Using platform encoding (UTF-8 actually) to copy filtered resources, i.e. build is platform dependent!
2018-09-09 12:17:02,803 [Worker-437] INFO  o.e.m.c.i.embedder.EclipseLogger - Copying 0 resource
2018-09-09 12:18:25,909 [Worker-437] WARN  o.e.m.c.i.embedder.EclipseLogger - Using platform encoding (UTF-8 actually) to copy filtered resources, i.e. build is platform dependent!
2018-09-09 12:18:25,910 [Worker-437] INFO  o.e.m.c.i.embedder.EclipseLogger - Copying 1 resource
2018-09-09 12:18:25,911 [Worker-437] WARN  o.e.m.c.i.embedder.EclipseLogger - Using platform encoding (UTF-8 actually) to copy filtered resources, i.e. build is platform dependent!
2018-09-09 12:18:25,912 [Worker-437] INFO  o.e.m.c.i.embedder.EclipseLogger - Copying 0 resource
2018-09-09 12:19:21,094 [Worker-443] WARN  o.e.m.c.i.embedder.EclipseLogger - Using platform encoding (UTF-8 actually) to copy filtered resources, i.e. build is platform dependent!
2018-09-09 12:19:21,095 [Worker-443] INFO  o.e.m.c.i.embedder.EclipseLogger - Copying 1 resource
2018-09-09 12:19:21,096 [Worker-443] WARN  o.e.m.c.i.embedder.EclipseLogger - Using platform encoding (UTF-8 actually) to copy filtered resources, i.e. build is platform dependent!
2018-09-09 12:19:21,097 [Worker-443] INFO  o.e.m.c.i.embedder.EclipseLogger - Copying 0 resource
2018-09-09 12:19:22,929 [Worker-445] WARN  o.e.m.c.i.embedder.EclipseLogger - Using platform encoding (UTF-8 actually) to copy filtered resources, i.e. build is platform dependent!
2018-09-09 12:19:22,930 [Worker-445] INFO  o.e.m.c.i.embedder.EclipseLogger - Copying 1 resource
2018-09-09 12:19:22,931 [Worker-445] WARN  o.e.m.c.i.embedder.EclipseLogger - Using platform encoding (UTF-8 actually) to copy filtered resources, i.e. build is platform dependent!
2018-09-09 12:19:22,932 [Worker-445] INFO  o.e.m.c.i.embedder.EclipseLogger - Copying 0 resource
2018-09-09 12:19:45,966 [Worker-444] WARN  o.e.m.c.i.embedder.EclipseLogger - Using platform encoding (UTF-8 actually) to copy filtered resources, i.e. build is platform dependent!
2018-09-09 12:19:45,968 [Worker-444] INFO  o.e.m.c.i.embedder.EclipseLogger - Copying 1 resource
2018-09-09 12:19:45,971 [Worker-444] WARN  o.e.m.c.i.embedder.EclipseLogger - Using platform encoding (UTF-8 actually) to copy filtered resources, i.e. build is platform dependent!
2018-09-09 12:19:45,972 [Worker-444] INFO  o.e.m.c.i.embedder.EclipseLogger - Copying 0 resource
2018-09-09 12:20:34,532 [Worker-431] WARN  o.e.m.c.i.embedder.EclipseLogger - Using platform encoding (UTF-8 actually) to copy filtered resources, i.e. build is platform dependent!
2018-09-09 12:20:34,533 [Worker-431] INFO  o.e.m.c.i.embedder.EclipseLogger - Copying 1 resource
2018-09-09 12:20:34,534 [Worker-431] WARN  o.e.m.c.i.embedder.EclipseLogger - Using platform encoding (UTF-8 actually) to copy filtered resources, i.e. build is platform dependent!
2018-09-09 12:20:34,535 [Worker-431] INFO  o.e.m.c.i.embedder.EclipseLogger - Copying 0 resource
2018-09-09 12:21:11,582 [Worker-442] WARN  o.e.m.c.i.embedder.EclipseLogger - Using platform encoding (UTF-8 actually) to copy filtered resources, i.e. build is platform dependent!
2018-09-09 12:21:11,582 [Worker-442] INFO  o.e.m.c.i.embedder.EclipseLogger - Copying 1 resource
2018-09-09 12:21:11,583 [Worker-442] WARN  o.e.m.c.i.embedder.EclipseLogger - Using platform encoding (UTF-8 actually) to copy filtered resources, i.e. build is platform dependent!
2018-09-09 12:21:11,584 [Worker-442] INFO  o.e.m.c.i.embedder.EclipseLogger - Copying 0 resource
2018-09-09 12:21:20,839 [Worker-443] WARN  o.e.m.c.i.embedder.EclipseLogger - Using platform encoding (UTF-8 actually) to copy filtered resources, i.e. build is platform dependent!
2018-09-09 12:21:20,840 [Worker-443] INFO  o.e.m.c.i.embedder.EclipseLogger - Copying 1 resource
2018-09-09 12:21:20,841 [Worker-443] WARN  o.e.m.c.i.embedder.EclipseLogger - Using platform encoding (UTF-8 actually) to copy filtered resources, i.e. build is platform dependent!
2018-09-09 12:21:20,842 [Worker-443] INFO  o.e.m.c.i.embedder.EclipseLogger - Copying 0 resource
2018-09-09 12:22:46,138 [Worker-445] WARN  o.e.m.c.i.embedder.EclipseLogger - Using platform encoding (UTF-8 actually) to copy filtered resources, i.e. build is platform dependent!
2018-09-09 12:22:46,139 [Worker-445] INFO  o.e.m.c.i.embedder.EclipseLogger - Copying 1 resource
2018-09-09 12:22:46,143 [Worker-445] WARN  o.e.m.c.i.embedder.EclipseLogger - Using platform encoding (UTF-8 actually) to copy filtered resources, i.e. build is platform dependent!
2018-09-09 12:22:46,144 [Worker-445] INFO  o.e.m.c.i.embedder.EclipseLogger - Copying 0 resource
2018-09-09 12:23:32,579 [Worker-445] WARN  o.e.m.c.i.embedder.EclipseLogger - Using platform encoding (UTF-8 actually) to copy filtered resources, i.e. build is platform dependent!
2018-09-09 12:23:32,580 [Worker-445] INFO  o.e.m.c.i.embedder.EclipseLogger - Copying 1 resource
2018-09-09 12:23:32,581 [Worker-445] WARN  o.e.m.c.i.embedder.EclipseLogger - Using platform encoding (UTF-8 actually) to copy filtered resources, i.e. build is platform dependent!
2018-09-09 12:23:32,581 [Worker-445] INFO  o.e.m.c.i.embedder.EclipseLogger - Copying 0 resource
2018-09-09 12:25:42,024 [Worker-445] WARN  o.e.m.c.i.embedder.EclipseLogger - Using platform encoding (UTF-8 actually) to copy filtered resources, i.e. build is platform dependent!
2018-09-09 12:25:42,025 [Worker-445] INFO  o.e.m.c.i.embedder.EclipseLogger - Copying 1 resource
2018-09-09 12:25:42,026 [Worker-445] WARN  o.e.m.c.i.embedder.EclipseLogger - Using platform encoding (UTF-8 actually) to copy filtered resources, i.e. build is platform dependent!
2018-09-09 12:25:42,027 [Worker-445] INFO  o.e.m.c.i.embedder.EclipseLogger - Copying 0 resource
2018-09-09 12:27:48,369 [Worker-442] WARN  o.e.m.c.i.embedder.EclipseLogger - Using platform encoding (UTF-8 actually) to copy filtered resources, i.e. build is platform dependent!
2018-09-09 12:27:48,370 [Worker-442] INFO  o.e.m.c.i.embedder.EclipseLogger - Copying 1 resource
2018-09-09 12:27:48,370 [Worker-442] WARN  o.e.m.c.i.embedder.EclipseLogger - Using platform encoding (UTF-8 actually) to copy filtered resources, i.e. build is platform dependent!
2018-09-09 12:27:48,371 [Worker-442] INFO  o.e.m.c.i.embedder.EclipseLogger - Copying 0 resource
2018-09-09 12:32:52,943 [Worker-445] WARN  o.e.m.c.i.embedder.EclipseLogger - Using platform encoding (UTF-8 actually) to copy filtered resources, i.e. build is platform dependent!
2018-09-09 12:32:52,944 [Worker-445] INFO  o.e.m.c.i.embedder.EclipseLogger - Copying 1 resource
2018-09-09 12:32:52,945 [Worker-445] WARN  o.e.m.c.i.embedder.EclipseLogger - Using platform encoding (UTF-8 actually) to copy filtered resources, i.e. build is platform dependent!
2018-09-09 12:32:52,945 [Worker-445] INFO  o.e.m.c.i.embedder.EclipseLogger - Copying 0 resource
2018-09-09 12:33:14,986 [Worker-447] WARN  o.e.m.c.i.embedder.EclipseLogger - Using platform encoding (UTF-8 actually) to copy filtered resources, i.e. build is platform dependent!
2018-09-09 12:33:14,987 [Worker-447] INFO  o.e.m.c.i.embedder.EclipseLogger - Copying 1 resource
2018-09-09 12:33:14,988 [Worker-447] WARN  o.e.m.c.i.embedder.EclipseLogger - Using platform encoding (UTF-8 actually) to copy filtered resources, i.e. build is platform dependent!
2018-09-09 12:33:14,989 [Worker-447] INFO  o.e.m.c.i.embedder.EclipseLogger - Copying 0 resource
2018-09-09 12:33:33,615 [Worker-449] WARN  o.e.m.c.i.embedder.EclipseLogger - Using platform encoding (UTF-8 actually) to copy filtered resources, i.e. build is platform dependent!
2018-09-09 12:33:33,617 [Worker-449] INFO  o.e.m.c.i.embedder.EclipseLogger - Copying 1 resource
2018-09-09 12:33:33,621 [Worker-449] WARN  o.e.m.c.i.embedder.EclipseLogger - Using platform encoding (UTF-8 actually) to copy filtered resources, i.e. build is platform dependent!
2018-09-09 12:33:33,622 [Worker-449] INFO  o.e.m.c.i.embedder.EclipseLogger - Copying 0 resource
2018-09-09 12:33:37,938 [Worker-445] WARN  o.e.m.c.i.embedder.EclipseLogger - Using platform encoding (UTF-8 actually) to copy filtered resources, i.e. build is platform dependent!
2018-09-09 12:33:37,939 [Worker-445] INFO  o.e.m.c.i.embedder.EclipseLogger - Copying 1 resource
2018-09-09 12:33:37,941 [Worker-445] WARN  o.e.m.c.i.embedder.EclipseLogger - Using platform encoding (UTF-8 actually) to copy filtered resources, i.e. build is platform dependent!
2018-09-09 12:33:37,942 [Worker-445] INFO  o.e.m.c.i.embedder.EclipseLogger - Copying 0 resource
2018-09-09 12:33:49,923 [Worker-448] WARN  o.e.m.c.i.embedder.EclipseLogger - Using platform encoding (UTF-8 actually) to copy filtered resources, i.e. build is platform dependent!
2018-09-09 12:33:49,923 [Worker-448] INFO  o.e.m.c.i.embedder.EclipseLogger - Copying 1 resource
2018-09-09 12:33:49,925 [Worker-448] WARN  o.e.m.c.i.embedder.EclipseLogger - Using platform encoding (UTF-8 actually) to copy filtered resources, i.e. build is platform dependent!
2018-09-09 12:33:49,926 [Worker-448] INFO  o.e.m.c.i.embedder.EclipseLogger - Copying 0 resource
2018-09-09 12:33:58,193 [Worker-445] WARN  o.e.m.c.i.embedder.EclipseLogger - Using platform encoding (UTF-8 actually) to copy filtered resources, i.e. build is platform dependent!
2018-09-09 12:33:58,194 [Worker-445] INFO  o.e.m.c.i.embedder.EclipseLogger - Copying 2 resources
2018-09-09 12:33:58,195 [Worker-445] WARN  o.e.m.c.i.embedder.EclipseLogger - Using platform encoding (UTF-8 actually) to copy filtered resources, i.e. build is platform dependent!
2018-09-09 12:33:58,196 [Worker-445] INFO  o.e.m.c.i.embedder.EclipseLogger - Copying 0 resource
2018-09-09 12:34:41,645 [Worker-448] WARN  o.e.m.c.i.embedder.EclipseLogger - Using platform encoding (UTF-8 actually) to copy filtered resources, i.e. build is platform dependent!
2018-09-09 12:34:41,647 [Worker-448] INFO  o.e.m.c.i.embedder.EclipseLogger - Copying 2 resources
2018-09-09 12:34:41,648 [Worker-448] WARN  o.e.m.c.i.embedder.EclipseLogger - Using platform encoding (UTF-8 actually) to copy filtered resources, i.e. build is platform dependent!
2018-09-09 12:34:41,649 [Worker-448] INFO  o.e.m.c.i.embedder.EclipseLogger - Copying 0 resource
2018-09-09 12:34:59,253 [Worker-450] WARN  o.e.m.c.i.embedder.EclipseLogger - Using platform encoding (UTF-8 actually) to copy filtered resources, i.e. build is platform dependent!
2018-09-09 12:34:59,256 [Worker-450] INFO  o.e.m.c.i.embedder.EclipseLogger - Copying 2 resources
2018-09-09 12:34:59,257 [Worker-450] WARN  o.e.m.c.i.embedder.EclipseLogger - Using platform encoding (UTF-8 actually) to copy filtered resources, i.e. build is platform dependent!
2018-09-09 12:34:59,258 [Worker-450] INFO  o.e.m.c.i.embedder.EclipseLogger - Copying 0 resource
2018-09-09 12:35:17,221 [Worker-442] WARN  o.e.m.c.i.embedder.EclipseLogger - Using platform encoding (UTF-8 actually) to copy filtered resources, i.e. build is platform dependent!
2018-09-09 12:35:17,222 [Worker-442] INFO  o.e.m.c.i.embedder.EclipseLogger - Copying 2 resources
2018-09-09 12:35:17,222 [Worker-442] WARN  o.e.m.c.i.embedder.EclipseLogger - Using platform encoding (UTF-8 actually) to copy filtered resources, i.e. build is platform dependent!
2018-09-09 12:35:17,223 [Worker-442] INFO  o.e.m.c.i.embedder.EclipseLogger - Copying 0 resource
2018-09-09 12:38:41,563 [Worker-450] WARN  o.e.m.c.i.embedder.EclipseLogger - Using platform encoding (UTF-8 actually) to copy filtered resources, i.e. build is platform dependent!
2018-09-09 12:38:41,564 [Worker-450] INFO  o.e.m.c.i.embedder.EclipseLogger - Copying 1 resource
2018-09-09 12:38:41,566 [Worker-450] WARN  o.e.m.c.i.embedder.EclipseLogger - Using platform encoding (UTF-8 actually) to copy filtered resources, i.e. build is platform dependent!
2018-09-09 12:38:41,566 [Worker-450] INFO  o.e.m.c.i.embedder.EclipseLogger - Copying 0 resource
2018-09-09 12:39:27,636 [Worker-448] WARN  o.e.m.c.i.embedder.EclipseLogger - Using platform encoding (UTF-8 actually) to copy filtered resources, i.e. build is platform dependent!
2018-09-09 12:39:27,637 [Worker-448] INFO  o.e.m.c.i.embedder.EclipseLogger - Copying 1 resource
2018-09-09 12:39:27,639 [Worker-448] WARN  o.e.m.c.i.embedder.EclipseLogger - Using platform encoding (UTF-8 actually) to copy filtered resources, i.e. build is platform dependent!
2018-09-09 12:39:27,639 [Worker-448] INFO  o.e.m.c.i.embedder.EclipseLogger - Copying 0 resource
2018-09-09 12:39:29,787 [Worker-451] WARN  o.e.m.c.i.embedder.EclipseLogger - Using platform encoding (UTF-8 actually) to copy filtered resources, i.e. build is platform dependent!
2018-09-09 12:39:29,788 [Worker-451] INFO  o.e.m.c.i.embedder.EclipseLogger - Copying 1 resource
2018-09-09 12:39:29,789 [Worker-451] WARN  o.e.m.c.i.embedder.EclipseLogger - Using platform encoding (UTF-8 actually) to copy filtered resources, i.e. build is platform dependent!
2018-09-09 12:39:29,790 [Worker-451] INFO  o.e.m.c.i.embedder.EclipseLogger - Copying 0 resource
2018-09-09 12:40:32,289 [Worker-448] WARN  o.e.m.c.i.embedder.EclipseLogger - Using platform encoding (UTF-8 actually) to copy filtered resources, i.e. build is platform dependent!
2018-09-09 12:40:32,290 [Worker-448] INFO  o.e.m.c.i.embedder.EclipseLogger - Copying 1 resource
2018-09-09 12:40:32,291 [Worker-448] WARN  o.e.m.c.i.embedder.EclipseLogger - Using platform encoding (UTF-8 actually) to copy filtered resources, i.e. build is platform dependent!
2018-09-09 12:40:32,292 [Worker-448] INFO  o.e.m.c.i.embedder.EclipseLogger - Copying 0 resource
2018-09-09 12:40:39,756 [Worker-448] WARN  o.e.m.c.i.embedder.EclipseLogger - Using platform encoding (UTF-8 actually) to copy filtered resources, i.e. build is platform dependent!
2018-09-09 12:40:39,757 [Worker-448] INFO  o.e.m.c.i.embedder.EclipseLogger - Copying 2 resources
2018-09-09 12:40:39,759 [Worker-448] WARN  o.e.m.c.i.embedder.EclipseLogger - Using platform encoding (UTF-8 actually) to copy filtered resources, i.e. build is platform dependent!
2018-09-09 12:40:39,760 [Worker-448] INFO  o.e.m.c.i.embedder.EclipseLogger - Copying 0 resource
2018-09-09 12:41:37,193 [Worker-451] WARN  o.e.m.c.i.embedder.EclipseLogger - Using platform encoding (UTF-8 actually) to copy filtered resources, i.e. build is platform dependent!
2018-09-09 12:41:37,194 [Worker-451] INFO  o.e.m.c.i.embedder.EclipseLogger - Copying 2 resources
2018-09-09 12:41:37,196 [Worker-451] WARN  o.e.m.c.i.embedder.EclipseLogger - Using platform encoding (UTF-8 actually) to copy filtered resources, i.e. build is platform dependent!
2018-09-09 12:41:37,197 [Worker-451] INFO  o.e.m.c.i.embedder.EclipseLogger - Copying 0 resource
2018-09-09 12:50:43,912 [Worker-452] WARN  o.e.m.c.i.embedder.EclipseLogger - Using platform encoding (UTF-8 actually) to copy filtered resources, i.e. build is platform dependent!
2018-09-09 12:50:43,914 [Worker-452] INFO  o.e.m.c.i.embedder.EclipseLogger - Copying 1 resource
2018-09-09 12:50:43,916 [Worker-452] WARN  o.e.m.c.i.embedder.EclipseLogger - Using platform encoding (UTF-8 actually) to copy filtered resources, i.e. build is platform dependent!
2018-09-09 12:50:43,917 [Worker-452] INFO  o.e.m.c.i.embedder.EclipseLogger - Copying 0 resource
2018-09-09 12:51:02,907 [Worker-455] WARN  o.e.m.c.i.embedder.EclipseLogger - Using platform encoding (UTF-8 actually) to copy filtered resources, i.e. build is platform dependent!
2018-09-09 12:51:02,908 [Worker-455] INFO  o.e.m.c.i.embedder.EclipseLogger - Copying 1 resource
2018-09-09 12:51:02,909 [Worker-455] WARN  o.e.m.c.i.embedder.EclipseLogger - Using platform encoding (UTF-8 actually) to copy filtered resources, i.e. build is platform dependent!
2018-09-09 12:51:02,910 [Worker-455] INFO  o.e.m.c.i.embedder.EclipseLogger - Copying 0 resource
2018-09-09 12:52:22,895 [Worker-452] WARN  o.e.m.c.i.embedder.EclipseLogger - Using platform encoding (UTF-8 actually) to copy filtered resources, i.e. build is platform dependent!
2018-09-09 12:52:22,896 [Worker-452] INFO  o.e.m.c.i.embedder.EclipseLogger - Copying 1 resource
2018-09-09 12:52:22,898 [Worker-452] WARN  o.e.m.c.i.embedder.EclipseLogger - Using platform encoding (UTF-8 actually) to copy filtered resources, i.e. build is platform dependent!
2018-09-09 12:52:22,898 [Worker-452] INFO  o.e.m.c.i.embedder.EclipseLogger - Copying 0 resource
2018-09-09 12:53:29,053 [Worker-457] WARN  o.e.m.c.i.embedder.EclipseLogger - Using platform encoding (UTF-8 actually) to copy filtered resources, i.e. build is platform dependent!
2018-09-09 12:53:29,055 [Worker-457] INFO  o.e.m.c.i.embedder.EclipseLogger - Copying 1 resource
2018-09-09 12:53:29,056 [Worker-457] WARN  o.e.m.c.i.embedder.EclipseLogger - Using platform encoding (UTF-8 actually) to copy filtered resources, i.e. build is platform dependent!
2018-09-09 12:53:29,057 [Worker-457] INFO  o.e.m.c.i.embedder.EclipseLogger - Copying 0 resource
2018-09-09 12:57:23,386 [Worker-458] INFO  o.e.m.c.i.l.LifecycleMappingFactory - Using org.eclipse.m2e.jdt.JarLifecycleMapping lifecycle mapping for MavenProject: com.unisys:spring.training:0.0.1-SNAPSHOT @ /Users/vinodkumar/Documents/classroom_demos/2018_09_UNISYS_HIBERNATE_SPRING/ECLIPSE_WORKSPACE/spring.training/pom.xml.
2018-09-09 12:57:23,668 [Worker-458] WARN  o.e.m.c.i.embedder.EclipseLogger - Using platform encoding (UTF-8 actually) to copy filtered resources, i.e. build is platform dependent!
2018-09-09 12:57:23,671 [Worker-458] INFO  o.e.m.c.i.embedder.EclipseLogger - Copying 0 resource
2018-09-09 12:57:23,673 [Worker-458] WARN  o.e.m.c.i.embedder.EclipseLogger - Using platform encoding (UTF-8 actually) to copy filtered resources, i.e. build is platform dependent!
2018-09-09 12:57:23,673 [Worker-458] INFO  o.e.m.c.i.embedder.EclipseLogger - Copying 0 resource
2018-09-09 12:57:25,035 [Worker-455] WARN  o.e.m.c.i.embedder.EclipseLogger - Using platform encoding (UTF-8 actually) to copy filtered resources, i.e. build is platform dependent!
2018-09-09 12:57:25,036 [Worker-455] INFO  o.e.m.c.i.embedder.EclipseLogger - Copying 2 resources
2018-09-09 12:57:25,048 [Worker-455] WARN  o.e.m.c.i.embedder.EclipseLogger - Using platform encoding (UTF-8 actually) to copy filtered resources, i.e. build is platform dependent!
2018-09-09 12:57:25,048 [Worker-455] INFO  o.e.m.c.i.embedder.EclipseLogger - Copying 0 resource
2018-09-09 13:02:49,341 [Worker-465] WARN  o.e.m.c.i.embedder.EclipseLogger - Using platform encoding (UTF-8 actually) to copy filtered resources, i.e. build is platform dependent!
2018-09-09 13:02:49,343 [Worker-465] INFO  o.e.m.c.i.embedder.EclipseLogger - Copying 2 resources
2018-09-09 13:02:49,344 [Worker-465] WARN  o.e.m.c.i.embedder.EclipseLogger - Using platform encoding (UTF-8 actually) to copy filtered resources, i.e. build is platform dependent!
2018-09-09 13:02:49,344 [Worker-465] INFO  o.e.m.c.i.embedder.EclipseLogger - Copying 0 resource
2018-09-09 13:02:57,721 [Worker-465] WARN  o.e.m.c.i.embedder.EclipseLogger - Using platform encoding (UTF-8 actually) to copy filtered resources, i.e. build is platform dependent!
2018-09-09 13:02:57,721 [Worker-465] INFO  o.e.m.c.i.embedder.EclipseLogger - Copying 2 resources
2018-09-09 13:02:57,722 [Worker-465] WARN  o.e.m.c.i.embedder.EclipseLogger - Using platform encoding (UTF-8 actually) to copy filtered resources, i.e. build is platform dependent!
2018-09-09 13:02:57,723 [Worker-465] INFO  o.e.m.c.i.embedder.EclipseLogger - Copying 0 resource
2018-09-09 13:04:04,322 [Worker-467] WARN  o.e.m.c.i.embedder.EclipseLogger - Using platform encoding (UTF-8 actually) to copy filtered resources, i.e. build is platform dependent!
2018-09-09 13:04:04,323 [Worker-467] INFO  o.e.m.c.i.embedder.EclipseLogger - Copying 2 resources
2018-09-09 13:04:04,324 [Worker-467] WARN  o.e.m.c.i.embedder.EclipseLogger - Using platform encoding (UTF-8 actually) to copy filtered resources, i.e. build is platform dependent!
2018-09-09 13:04:04,324 [Worker-467] INFO  o.e.m.c.i.embedder.EclipseLogger - Copying 0 resource
2018-09-09 13:05:28,555 [Worker-461] WARN  o.e.m.c.i.embedder.EclipseLogger - Using platform encoding (UTF-8 actually) to copy filtered resources, i.e. build is platform dependent!
2018-09-09 13:05:28,556 [Worker-461] INFO  o.e.m.c.i.embedder.EclipseLogger - Copying 2 resources
2018-09-09 13:05:28,557 [Worker-461] WARN  o.e.m.c.i.embedder.EclipseLogger - Using platform encoding (UTF-8 actually) to copy filtered resources, i.e. build is platform dependent!
2018-09-09 13:05:28,558 [Worker-461] INFO  o.e.m.c.i.embedder.EclipseLogger - Copying 0 resource
2018-09-09 13:05:37,730 [Worker-468] WARN  o.e.m.c.i.embedder.EclipseLogger - Using platform encoding (UTF-8 actually) to copy filtered resources, i.e. build is platform dependent!
2018-09-09 13:05:37,732 [Worker-468] INFO  o.e.m.c.i.embedder.EclipseLogger - Copying 2 resources
2018-09-09 13:05:37,733 [Worker-468] WARN  o.e.m.c.i.embedder.EclipseLogger - Using platform encoding (UTF-8 actually) to copy filtered resources, i.e. build is platform dependent!
2018-09-09 13:05:37,733 [Worker-468] INFO  o.e.m.c.i.embedder.EclipseLogger - Copying 0 resource
2018-09-09 13:09:27,061 [Worker-461] WARN  o.e.m.c.i.embedder.EclipseLogger - Using platform encoding (UTF-8 actually) to copy filtered resources, i.e. build is platform dependent!
2018-09-09 13:09:27,063 [Worker-461] INFO  o.e.m.c.i.embedder.EclipseLogger - Copying 1 resource
2018-09-09 13:09:27,066 [Worker-461] WARN  o.e.m.c.i.embedder.EclipseLogger - Using platform encoding (UTF-8 actually) to copy filtered resources, i.e. build is platform dependent!
2018-09-09 13:09:27,066 [Worker-461] INFO  o.e.m.c.i.embedder.EclipseLogger - Copying 0 resource
2018-09-09 13:10:15,134 [Worker-470] WARN  o.e.m.c.i.embedder.EclipseLogger - Using platform encoding (UTF-8 actually) to copy filtered resources, i.e. build is platform dependent!
2018-09-09 13:10:15,135 [Worker-470] INFO  o.e.m.c.i.embedder.EclipseLogger - Copying 1 resource
2018-09-09 13:10:15,136 [Worker-470] WARN  o.e.m.c.i.embedder.EclipseLogger - Using platform encoding (UTF-8 actually) to copy filtered resources, i.e. build is platform dependent!
2018-09-09 13:10:15,137 [Worker-470] INFO  o.e.m.c.i.embedder.EclipseLogger - Copying 0 resource
2018-09-09 13:10:33,220 [Worker-465] WARN  o.e.m.c.i.embedder.EclipseLogger - Using platform encoding (UTF-8 actually) to copy filtered resources, i.e. build is platform dependent!
2018-09-09 13:10:33,222 [Worker-465] INFO  o.e.m.c.i.embedder.EclipseLogger - Copying 1 resource
2018-09-09 13:10:33,223 [Worker-465] WARN  o.e.m.c.i.embedder.EclipseLogger - Using platform encoding (UTF-8 actually) to copy filtered resources, i.e. build is platform dependent!
2018-09-09 13:10:33,225 [Worker-465] INFO  o.e.m.c.i.embedder.EclipseLogger - Copying 0 resource
2018-09-09 13:11:24,345 [Worker-468] WARN  o.e.m.c.i.embedder.EclipseLogger - Using platform encoding (UTF-8 actually) to copy filtered resources, i.e. build is platform dependent!
2018-09-09 13:11:24,346 [Worker-468] INFO  o.e.m.c.i.embedder.EclipseLogger - Copying 1 resource
2018-09-09 13:11:24,349 [Worker-468] WARN  o.e.m.c.i.embedder.EclipseLogger - Using platform encoding (UTF-8 actually) to copy filtered resources, i.e. build is platform dependent!
2018-09-09 13:11:24,350 [Worker-468] INFO  o.e.m.c.i.embedder.EclipseLogger - Copying 0 resource
2018-09-09 13:12:28,627 [Worker-468] WARN  o.e.m.c.i.embedder.EclipseLogger - Using platform encoding (UTF-8 actually) to copy filtered resources, i.e. build is platform dependent!
2018-09-09 13:12:28,627 [Worker-468] INFO  o.e.m.c.i.embedder.EclipseLogger - Copying 1 resource
2018-09-09 13:12:28,629 [Worker-468] WARN  o.e.m.c.i.embedder.EclipseLogger - Using platform encoding (UTF-8 actually) to copy filtered resources, i.e. build is platform dependent!
2018-09-09 13:12:28,629 [Worker-468] INFO  o.e.m.c.i.embedder.EclipseLogger - Copying 0 resource
2018-09-09 13:13:21,210 [Worker-472] WARN  o.e.m.c.i.embedder.EclipseLogger - Using platform encoding (UTF-8 actually) to copy filtered resources, i.e. build is platform dependent!
2018-09-09 13:13:21,212 [Worker-472] INFO  o.e.m.c.i.embedder.EclipseLogger - Copying 1 resource
2018-09-09 13:13:21,213 [Worker-472] WARN  o.e.m.c.i.embedder.EclipseLogger - Using platform encoding (UTF-8 actually) to copy filtered resources, i.e. build is platform dependent!
2018-09-09 13:13:21,214 [Worker-472] INFO  o.e.m.c.i.embedder.EclipseLogger - Copying 0 resource
2018-09-09 13:15:56,970 [Worker-473] WARN  o.e.m.c.i.embedder.EclipseLogger - Using platform encoding (UTF-8 actually) to copy filtered resources, i.e. build is platform dependent!
2018-09-09 13:15:56,972 [Worker-473] INFO  o.e.m.c.i.embedder.EclipseLogger - Copying 1 resource
2018-09-09 13:15:56,973 [Worker-473] WARN  o.e.m.c.i.embedder.EclipseLogger - Using platform encoding (UTF-8 actually) to copy filtered resources, i.e. build is platform dependent!
2018-09-09 13:15:56,973 [Worker-473] INFO  o.e.m.c.i.embedder.EclipseLogger - Copying 0 resource
2018-09-09 13:16:08,511 [Worker-461] WARN  o.e.m.c.i.embedder.EclipseLogger - Using platform encoding (UTF-8 actually) to copy filtered resources, i.e. build is platform dependent!
2018-09-09 13:16:08,512 [Worker-461] INFO  o.e.m.c.i.embedder.EclipseLogger - Copying 1 resource
2018-09-09 13:16:08,513 [Worker-461] WARN  o.e.m.c.i.embedder.EclipseLogger - Using platform encoding (UTF-8 actually) to copy filtered resources, i.e. build is platform dependent!
2018-09-09 13:16:08,513 [Worker-461] INFO  o.e.m.c.i.embedder.EclipseLogger - Copying 0 resource
2018-09-09 13:16:43,824 [Worker-474] WARN  o.e.m.c.i.embedder.EclipseLogger - Using platform encoding (UTF-8 actually) to copy filtered resources, i.e. build is platform dependent!
2018-09-09 13:16:43,824 [Worker-474] INFO  o.e.m.c.i.embedder.EclipseLogger - Copying 1 resource
2018-09-09 13:16:43,827 [Worker-474] WARN  o.e.m.c.i.embedder.EclipseLogger - Using platform encoding (UTF-8 actually) to copy filtered resources, i.e. build is platform dependent!
2018-09-09 13:16:43,827 [Worker-474] INFO  o.e.m.c.i.embedder.EclipseLogger - Copying 0 resource
2018-09-09 13:17:43,490 [Worker-474] WARN  o.e.m.c.i.embedder.EclipseLogger - Using platform encoding (UTF-8 actually) to copy filtered resources, i.e. build is platform dependent!
2018-09-09 13:17:43,492 [Worker-474] INFO  o.e.m.c.i.embedder.EclipseLogger - Copying 1 resource
2018-09-09 13:17:43,493 [Worker-474] WARN  o.e.m.c.i.embedder.EclipseLogger - Using platform encoding (UTF-8 actually) to copy filtered resources, i.e. build is platform dependent!
2018-09-09 13:17:43,494 [Worker-474] INFO  o.e.m.c.i.embedder.EclipseLogger - Copying 0 resource
2018-09-09 13:17:59,328 [Worker-465] WARN  o.e.m.c.i.embedder.EclipseLogger - Using platform encoding (UTF-8 actually) to copy filtered resources, i.e. build is platform dependent!
2018-09-09 13:17:59,329 [Worker-465] INFO  o.e.m.c.i.embedder.EclipseLogger - Copying 1 resource
2018-09-09 13:17:59,330 [Worker-465] WARN  o.e.m.c.i.embedder.EclipseLogger - Using platform encoding (UTF-8 actually) to copy filtered resources, i.e. build is platform dependent!
2018-09-09 13:17:59,331 [Worker-465] INFO  o.e.m.c.i.embedder.EclipseLogger - Copying 0 resource
2018-09-09 13:18:07,191 [Worker-473] WARN  o.e.m.c.i.embedder.EclipseLogger - Using platform encoding (UTF-8 actually) to copy filtered resources, i.e. build is platform dependent!
2018-09-09 13:18:07,192 [Worker-473] INFO  o.e.m.c.i.embedder.EclipseLogger - Copying 1 resource
2018-09-09 13:18:07,194 [Worker-473] WARN  o.e.m.c.i.embedder.EclipseLogger - Using platform encoding (UTF-8 actually) to copy filtered resources, i.e. build is platform dependent!
2018-09-09 13:18:07,195 [Worker-473] INFO  o.e.m.c.i.embedder.EclipseLogger - Copying 0 resource
2018-09-09 13:18:47,172 [Worker-473] WARN  o.e.m.c.i.embedder.EclipseLogger - Using platform encoding (UTF-8 actually) to copy filtered resources, i.e. build is platform dependent!
2018-09-09 13:18:47,173 [Worker-473] INFO  o.e.m.c.i.embedder.EclipseLogger - Copying 1 resource
2018-09-09 13:18:47,175 [Worker-473] WARN  o.e.m.c.i.embedder.EclipseLogger - Using platform encoding (UTF-8 actually) to copy filtered resources, i.e. build is platform dependent!
2018-09-09 13:18:47,176 [Worker-473] INFO  o.e.m.c.i.embedder.EclipseLogger - Copying 0 resource
2018-09-09 13:19:02,612 [Worker-473] WARN  o.e.m.c.i.embedder.EclipseLogger - Using platform encoding (UTF-8 actually) to copy filtered resources, i.e. build is platform dependent!
2018-09-09 13:19:02,614 [Worker-473] INFO  o.e.m.c.i.embedder.EclipseLogger - Copying 1 resource
2018-09-09 13:19:02,615 [Worker-473] WARN  o.e.m.c.i.embedder.EclipseLogger - Using platform encoding (UTF-8 actually) to copy filtered resources, i.e. build is platform dependent!
2018-09-09 13:19:02,616 [Worker-473] INFO  o.e.m.c.i.embedder.EclipseLogger - Copying 0 resource
2018-09-09 13:19:14,111 [Worker-473] WARN  o.e.m.c.i.embedder.EclipseLogger - Using platform encoding (UTF-8 actually) to copy filtered resources, i.e. build is platform dependent!
2018-09-09 13:19:14,112 [Worker-473] INFO  o.e.m.c.i.embedder.EclipseLogger - Copying 1 resource
2018-09-09 13:19:14,113 [Worker-473] WARN  o.e.m.c.i.embedder.EclipseLogger - Using platform encoding (UTF-8 actually) to copy filtered resources, i.e. build is platform dependent!
2018-09-09 13:19:14,114 [Worker-473] INFO  o.e.m.c.i.embedder.EclipseLogger - Copying 0 resource
2018-09-09 13:19:26,127 [Worker-465] WARN  o.e.m.c.i.embedder.EclipseLogger - Using platform encoding (UTF-8 actually) to copy filtered resources, i.e. build is platform dependent!
2018-09-09 13:19:26,128 [Worker-465] INFO  o.e.m.c.i.embedder.EclipseLogger - Copying 1 resource
2018-09-09 13:19:26,131 [Worker-465] WARN  o.e.m.c.i.embedder.EclipseLogger - Using platform encoding (UTF-8 actually) to copy filtered resources, i.e. build is platform dependent!
2018-09-09 13:19:26,132 [Worker-465] INFO  o.e.m.c.i.embedder.EclipseLogger - Copying 0 resource
2018-09-09 14:22:00,056 [Worker-496] WARN  o.e.m.c.i.embedder.EclipseLogger - Using platform encoding (UTF-8 actually) to copy filtered resources, i.e. build is platform dependent!
2018-09-09 14:22:00,059 [Worker-496] INFO  o.e.m.c.i.embedder.EclipseLogger - Copying 1 resource
2018-09-09 14:22:00,061 [Worker-496] WARN  o.e.m.c.i.embedder.EclipseLogger - Using platform encoding (UTF-8 actually) to copy filtered resources, i.e. build is platform dependent!
2018-09-09 14:22:00,062 [Worker-496] INFO  o.e.m.c.i.embedder.EclipseLogger - Copying 0 resource
2018-09-09 14:22:29,009 [Worker-496] WARN  o.e.m.c.i.embedder.EclipseLogger - Using platform encoding (UTF-8 actually) to copy filtered resources, i.e. build is platform dependent!
2018-09-09 14:22:29,009 [Worker-496] INFO  o.e.m.c.i.embedder.EclipseLogger - Copying 1 resource
2018-09-09 14:22:29,011 [Worker-496] WARN  o.e.m.c.i.embedder.EclipseLogger - Using platform encoding (UTF-8 actually) to copy filtered resources, i.e. build is platform dependent!
2018-09-09 14:22:29,011 [Worker-496] INFO  o.e.m.c.i.embedder.EclipseLogger - Copying 0 resource
2018-09-09 14:22:39,572 [Worker-493] WARN  o.e.m.c.i.embedder.EclipseLogger - Using platform encoding (UTF-8 actually) to copy filtered resources, i.e. build is platform dependent!
2018-09-09 14:22:39,574 [Worker-493] INFO  o.e.m.c.i.embedder.EclipseLogger - Copying 1 resource
2018-09-09 14:22:39,576 [Worker-493] WARN  o.e.m.c.i.embedder.EclipseLogger - Using platform encoding (UTF-8 actually) to copy filtered resources, i.e. build is platform dependent!
2018-09-09 14:22:39,577 [Worker-493] INFO  o.e.m.c.i.embedder.EclipseLogger - Copying 0 resource
2018-09-09 14:23:14,202 [Worker-496] WARN  o.e.m.c.i.embedder.EclipseLogger - Using platform encoding (UTF-8 actually) to copy filtered resources, i.e. build is platform dependent!
2018-09-09 14:23:14,203 [Worker-496] INFO  o.e.m.c.i.embedder.EclipseLogger - Copying 1 resource
2018-09-09 14:23:14,204 [Worker-496] WARN  o.e.m.c.i.embedder.EclipseLogger - Using platform encoding (UTF-8 actually) to copy filtered resources, i.e. build is platform dependent!
2018-09-09 14:23:14,205 [Worker-496] INFO  o.e.m.c.i.embedder.EclipseLogger - Copying 0 resource
2018-09-09 14:23:32,238 [Worker-497] WARN  o.e.m.c.i.embedder.EclipseLogger - Using platform encoding (UTF-8 actually) to copy filtered resources, i.e. build is platform dependent!
2018-09-09 14:23:32,240 [Worker-497] INFO  o.e.m.c.i.embedder.EclipseLogger - Copying 1 resource
2018-09-09 14:23:32,241 [Worker-497] WARN  o.e.m.c.i.embedder.EclipseLogger - Using platform encoding (UTF-8 actually) to copy filtered resources, i.e. build is platform dependent!
2018-09-09 14:23:32,241 [Worker-497] INFO  o.e.m.c.i.embedder.EclipseLogger - Copying 0 resource
2018-09-09 14:23:40,294 [Worker-495] WARN  o.e.m.c.i.embedder.EclipseLogger - Using platform encoding (UTF-8 actually) to copy filtered resources, i.e. build is platform dependent!
2018-09-09 14:23:40,295 [Worker-495] INFO  o.e.m.c.i.embedder.EclipseLogger - Copying 1 resource
2018-09-09 14:23:40,297 [Worker-495] WARN  o.e.m.c.i.embedder.EclipseLogger - Using platform encoding (UTF-8 actually) to copy filtered resources, i.e. build is platform dependent!
2018-09-09 14:23:40,297 [Worker-495] INFO  o.e.m.c.i.embedder.EclipseLogger - Copying 0 resource
2018-09-09 14:23:49,094 [Worker-497] WARN  o.e.m.c.i.embedder.EclipseLogger - Using platform encoding (UTF-8 actually) to copy filtered resources, i.e. build is platform dependent!
2018-09-09 14:23:49,096 [Worker-497] INFO  o.e.m.c.i.embedder.EclipseLogger - Copying 1 resource
2018-09-09 14:23:49,098 [Worker-497] WARN  o.e.m.c.i.embedder.EclipseLogger - Using platform encoding (UTF-8 actually) to copy filtered resources, i.e. build is platform dependent!
2018-09-09 14:23:49,098 [Worker-497] INFO  o.e.m.c.i.embedder.EclipseLogger - Copying 0 resource
2018-09-09 14:24:16,568 [Worker-496] WARN  o.e.m.c.i.embedder.EclipseLogger - Using platform encoding (UTF-8 actually) to copy filtered resources, i.e. build is platform dependent!
2018-09-09 14:24:16,569 [Worker-496] INFO  o.e.m.c.i.embedder.EclipseLogger - Copying 1 resource
2018-09-09 14:24:16,572 [Worker-496] WARN  o.e.m.c.i.embedder.EclipseLogger - Using platform encoding (UTF-8 actually) to copy filtered resources, i.e. build is platform dependent!
2018-09-09 14:24:16,573 [Worker-496] INFO  o.e.m.c.i.embedder.EclipseLogger - Copying 0 resource
